<?xml version="1.0" encoding="UTF-8"?>
<testsuite xmlns:xsi="http://www.w3.org/2001/XMLSchema-instance" xsi:noNamespaceSchemaLocation="https://maven.apache.org/surefire/maven-surefire-plugin/xsd/surefire-test-report.xsd" name="com.example.blog.BlogApplicationTests" time="8.733" tests="3" errors="2" skipped="0" failures="0">
  <properties>
[...]
</properties>
  <testcase name="contextLoads" classname="com.example.blog.BlogApplicationTests" time="0.466"/>
  <testcase name="SearchGoods" classname="com.example.blog.BlogApplicationTests" time="1.157">
    <error message="Timeout connecting to [localhost/127.0.0.1:9200]" type="java.net.ConnectException">java.net.ConnectException: Timeout connecting to [localhost/127.0.0.1:9200]
	at com.example.blog.BlogApplicationTests.SearchGoods(BlogApplicationTests.java:59)
Caused by: java.net.ConnectException: Timeout connecting to [localhost/127.0.0.1:9200]
</error>
  </testcase>
  <testcase name="createIndexTest" classname="com.example.blog.BlogApplicationTests" time="1.019">
    <error message="Timeout connecting to [localhost/127.0.0.1:9200]" type="java.net.ConnectException">java.net.ConnectException: Timeout connecting to [localhost/127.0.0.1:9200]
	at com.example.blog.BlogApplicationTests.createIndexTest(BlogApplicationTests.java:52)
Caused by: java.net.ConnectException: Timeout connecting to [localhost/127.0.0.1:9200]
</error>
  </testcase>
</testsuite>